<?xml version="1.0" encoding="UTF-8"?>
<testng-results ignored="0" total="1" passed="1" failed="0" skipped="0">
  <reporter-output>
  </reporter-output>
  <suite started-at="2023-07-07T22:37:52 IST" name="Default suite" finished-at="2023-07-07T22:38:04 IST" duration-ms="12050">
    <groups>
    </groups>
    <test started-at="2023-07-07T22:37:52 IST" name="Default test" finished-at="2023-07-07T22:38:04 IST" duration-ms="12050">
      <class name="edu.screenshot.testng.ScreenshotCapture">
        <test-method signature="captureScreenshot()[pri:0, instance:edu.screenshot.testng.ScreenshotCapture@248e319b]" started-at="2023-07-07T22:37:52 IST" name="captureScreenshot" finished-at="2023-07-07T22:38:04 IST" duration-ms="11960" status="PASS">
          <reporter-output>
          </reporter-output>
        </test-method> <!-- captureScreenshot -->
      </class> <!-- edu.screenshot.testng.ScreenshotCapture -->
    </test> <!-- Default test -->
  </suite> <!-- Default suite -->
</testng-results>
